app/build/intermediates/manifest_merge_blame_file/debug/manifest-merger-blame-debug-report.txt
1<?xml version="1.0" encoding="utf-8"?>
2<manifest xmlns:android="http://schemas.android.com/apk/res/android"
3    package="com.zybooks.studyhelper.syedaizazali"
4    android:versionCode="1"
5    android:versionName="1.0" >
6
7    <uses-sdk
8        android:minSdkVersion="24"
8-->src/main/AndroidManifest.xml
9        android:targetSdkVersion="32" />
9-->src/main/AndroidManifest.xml
10
11    <uses-permission android:name="android.permission.INTERNET" />
11-->src/main/AndroidManifest.xml:5:5-67
11-->src/main/AndroidManifest.xml:5:22-64
12
13    <application
13-->src/main/AndroidManifest.xml:7:5-64:19
14        android:allowBackup="true"
14-->src/main/AndroidManifest.xml:8:9-35
15        android:appComponentFactory="androidx.core.app.CoreComponentFactory"
15-->[androidx.core:core:1.8.0] AndroidManifest.xml:24:18-86
16        android:dataExtractionRules="@xml/data_extraction_rules"
16-->src/main/AndroidManifest.xml:9:9-65
17        android:debuggable="true"
18        android:extractNativeLibs="false"
19        android:fullBackupContent="@xml/backup_rules"
19-->src/main/AndroidManifest.xml:10:9-54
20        android:icon="@mipmap/ic_launcher"
20-->src/main/AndroidManifest.xml:11:9-43
21        android:label="@string/app_name"
21-->src/main/AndroidManifest.xml:12:9-41
22        android:roundIcon="@mipmap/ic_launcher_round"
22-->src/main/AndroidManifest.xml:13:9-54
23        android:supportsRtl="true"
23-->src/main/AndroidManifest.xml:14:9-35
24        android:testOnly="true"
25        android:theme="@style/Theme.StudyHelper" >
25-->src/main/AndroidManifest.xml:15:9-49
26        <activity
26-->src/main/AndroidManifest.xml:17:9-24:20
27            android:name="com.zybooks.studyhelper.syedaizazali.ImportActivity"
27-->src/main/AndroidManifest.xml:18:13-43
28            android:exported="false"
28-->src/main/AndroidManifest.xml:19:13-37
29            android:parentActivityName="com.zybooks.studyhelper.syedaizazali.SubjectActivity" >
29-->src/main/AndroidManifest.xml:20:13-58
30            <meta-data
30-->src/main/AndroidManifest.xml:21:13-23:36
31                android:name="android.app.lib_name"
31-->src/main/AndroidManifest.xml:22:17-52
32                android:value="" />
32-->src/main/AndroidManifest.xml:23:17-33
33        </activity>
34        <activity
34-->src/main/AndroidManifest.xml:25:9-33:20
35            android:name="com.zybooks.studyhelper.syedaizazali.SettingsActivity"
35-->src/main/AndroidManifest.xml:26:13-45
36            android:exported="false"
36-->src/main/AndroidManifest.xml:27:13-37
37            android:label="@string/settings"
37-->src/main/AndroidManifest.xml:28:13-45
38            android:parentActivityName="com.zybooks.studyhelper.syedaizazali.SubjectActivity" >
38-->src/main/AndroidManifest.xml:29:13-58
39            <meta-data
39-->src/main/AndroidManifest.xml:21:13-23:36
40                android:name="android.app.lib_name"
40-->src/main/AndroidManifest.xml:22:17-52
41                android:value="" />
41-->src/main/AndroidManifest.xml:23:17-33
42        </activity>
43        <activity
43-->src/main/AndroidManifest.xml:34:9-41:20
44            android:name="com.zybooks.studyhelper.syedaizazali.QuestionEditActivity"
44-->src/main/AndroidManifest.xml:35:13-49
45            android:exported="false"
45-->src/main/AndroidManifest.xml:36:13-37
46            android:parentActivityName="com.zybooks.studyhelper.syedaizazali.QuestionActivity" >
46-->src/main/AndroidManifest.xml:37:13-59
47            <meta-data
47-->src/main/AndroidManifest.xml:21:13-23:36
48                android:name="android.app.lib_name"
48-->src/main/AndroidManifest.xml:22:17-52
49                android:value="" />
49-->src/main/AndroidManifest.xml:23:17-33
50        </activity>
51        <activity
51-->src/main/AndroidManifest.xml:42:9-50:20
52            android:name="com.zybooks.studyhelper.syedaizazali.QuestionActivity"
52-->src/main/AndroidManifest.xml:43:13-45
53            android:exported="false"
53-->src/main/AndroidManifest.xml:44:13-37
54            android:launchMode="singleTop"
54-->src/main/AndroidManifest.xml:45:13-43
55            android:parentActivityName="com.zybooks.studyhelper.syedaizazali.SubjectActivity" >
55-->src/main/AndroidManifest.xml:46:13-58
56            <meta-data
56-->src/main/AndroidManifest.xml:21:13-23:36
57                android:name="android.app.lib_name"
57-->src/main/AndroidManifest.xml:22:17-52
58                android:value="" />
58-->src/main/AndroidManifest.xml:23:17-33
59        </activity>
60        <activity
60-->src/main/AndroidManifest.xml:51:9-63:20
61            android:name="com.zybooks.studyhelper.syedaizazali.SubjectActivity"
61-->src/main/AndroidManifest.xml:52:13-44
62            android:exported="true" >
62-->src/main/AndroidManifest.xml:53:13-36
63            <intent-filter>
63-->src/main/AndroidManifest.xml:54:13-58:29
64                <action android:name="android.intent.action.MAIN" />
64-->src/main/AndroidManifest.xml:55:17-69
64-->src/main/AndroidManifest.xml:55:25-66
65
66                <category android:name="android.intent.category.LAUNCHER" />
66-->src/main/AndroidManifest.xml:57:17-77
66-->src/main/AndroidManifest.xml:57:27-74
67            </intent-filter>
68
69            <meta-data
69-->src/main/AndroidManifest.xml:21:13-23:36
70                android:name="android.app.lib_name"
70-->src/main/AndroidManifest.xml:22:17-52
71                android:value="" />
71-->src/main/AndroidManifest.xml:23:17-33
72        </activity>
73
74        <service
74-->[androidx.room:room-runtime:2.4.0] AndroidManifest.xml:25:9-28:40
75            android:name="androidx.room.MultiInstanceInvalidationService"
75-->[androidx.room:room-runtime:2.4.0] AndroidManifest.xml:26:13-74
76            android:directBootAware="true"
76-->[androidx.room:room-runtime:2.4.0] AndroidManifest.xml:27:13-43
77            android:exported="false" />
77-->[androidx.room:room-runtime:2.4.0] AndroidManifest.xml:28:13-37
78
79        <provider
79-->[androidx.emoji2:emoji2:1.2.0] AndroidManifest.xml:24:9-32:20
80            android:name="androidx.startup.InitializationProvider"
80-->[androidx.emoji2:emoji2:1.2.0] AndroidManifest.xml:25:13-67
81            android:authorities="com.zybooks.studyhelper.syedaizazali.androidx-startup"
81-->[androidx.emoji2:emoji2:1.2.0] AndroidManifest.xml:26:13-68
82            android:exported="false" >
82-->[androidx.emoji2:emoji2:1.2.0] AndroidManifest.xml:27:13-37
83            <meta-data
83-->[androidx.emoji2:emoji2:1.2.0] AndroidManifest.xml:29:13-31:52
84                android:name="androidx.emoji2.text.EmojiCompatInitializer"
84-->[androidx.emoji2:emoji2:1.2.0] AndroidManifest.xml:30:17-75
85                android:value="androidx.startup" />
85-->[androidx.emoji2:emoji2:1.2.0] AndroidManifest.xml:31:17-49
86            <meta-data
86-->[androidx.lifecycle:lifecycle-process:2.4.1] AndroidManifest.xml:31:13-33:52
87                android:name="androidx.lifecycle.ProcessLifecycleInitializer"
87-->[androidx.lifecycle:lifecycle-process:2.4.1] AndroidManifest.xml:32:17-78
88                android:value="androidx.startup" />
88-->[androidx.lifecycle:lifecycle-process:2.4.1] AndroidManifest.xml:33:17-49
89        </provider>
90    </application>
91
92</manifest>